<?xml version="1.0" encoding="UTF-8"?>
<!-- Generated by org.testng.reporters.JUnitReportReporter -->
<testsuite hostname="DESKTOP-9OOOF17" failures="0" tests="2" name="Academy.ApplicatioTest" time="143.463" errors="0" timestamp="2022-06-17T18:32:54 IST" skipped="0">
  <testcase classname="Academy.ApplicatioTest" name="logintest" time="83.371"/>
  <system-out/>
  <testcase classname="Academy.ApplicatioTest" name="logintest" time="60.092"/>
  <system-out/>
</testsuite> <!-- Academy.ApplicatioTest -->
