<?xml version="1.0" encoding="UTF-8"?>
<!-- Generated by org.testng.reporters.JUnitReportReporter -->
<testsuite hostname="DESKTOP-9OOOF17" failures="0" tests="3" name="Academy.ApplicatioTestwithDataProvide" time="174.151" errors="0" timestamp="2022-06-27T09:30:22 IST" skipped="0">
  <testcase classname="Academy.ApplicatioTestwithDataProvide" name="logintest" time="52.583"/>
  <system-out/>
  <testcase classname="Academy.ApplicatioTestwithDataProvide" name="logintest" time="83.818"/>
  <system-out/>
  <testcase classname="Academy.ApplicatioTestwithDataProvide" name="logintest" time="37.750"/>
  <system-out/>
</testsuite> <!-- Academy.ApplicatioTestwithDataProvide -->
