<?xml version="1.0" encoding="UTF-8"?>
<!-- Generated by org.testng.reporters.JUnitReportReporter -->
<testsuite hostname="DESKTOP-9OOOF17" failures="0" tests="3" name="Maven_Sampe_Project.Testing_Maven.maven_test" time="126.417" errors="0" timestamp="2022-11-02T11:44:18 IST" skipped="0">
  <testcase classname="Maven_Sampe_Project.Testing_Maven.maven_test" name="webdrivermanager" time="36.081"/>
  <system-out/>
  <testcase classname="Maven_Sampe_Project.Testing_Maven.maven_test" name="testng" time="23.728"/>
  <system-out/>
  <testcase classname="Maven_Sampe_Project.Testing_Maven.maven_test" name="seleniumJava" time="66.608"/>
  <system-out/>
</testsuite> <!-- Maven_Sampe_Project.Testing_Maven.maven_test -->
