<?xml version="1.0" encoding="UTF-8"?>
<!-- Generated by org.testng.reporters.JUnitReportReporter -->
<testsuite hostname="DESKTOP-9OOOF17" failures="0" tests="1" name="TestPractise.HomePageTest" time="39.630" errors="0" timestamp="2022-08-05T13:19:35 IST" skipped="0">
  <testcase classname="TestPractise.HomePageTest" name="homepagetest" time="39.630"/>
  <system-out/>
</testsuite> <!-- TestPractise.HomePageTest -->
