<?xml version="1.0" encoding="UTF-8"?>
<!-- Generated by org.testng.reporters.JUnitReportReporter -->
<testsuite hostname="DESKTOP-9OOOF17" failures="0" tests="1" name="Testing.ProductSearch" time="45.807" errors="0" timestamp="2022-07-14T11:26:48 IST" skipped="0">
  <testcase classname="Testing.ProductSearch" name="productsearch" time="45.807"/>
  <system-out/>
</testsuite> <!-- Testing.ProductSearch -->
