<?xml version="1.0" encoding="UTF-8"?>
<!-- Generated by org.testng.reporters.JUnitReportReporter -->
<testsuite hostname="DESKTOP-9OOOF17" failures="0" tests="1" name="CalenderControl.calendercontol" time="26.544" errors="0" timestamp="2022-07-11T13:50:37 IST" skipped="0">
  <testcase classname="CalenderControl.calendercontol" name="calendertest" time="26.544"/>
  <system-out/>
</testsuite> <!-- CalenderControl.calendercontol -->
