<?xml version="1.0" encoding="UTF-8"?>
<!-- Generated by org.testng.reporters.JUnitReportReporter -->
<testsuite hostname="DESKTOP-9OOOF17" failures="0" tests="1" name="AllDropDown.AutoSuggestiveDropdown" time="77.666" errors="0" timestamp="2022-07-11T11:42:53 IST" skipped="0">
  <testcase classname="AllDropDown.AutoSuggestiveDropdown" name="demo" time="77.666"/>
  <system-out/>
</testsuite> <!-- AllDropDown.AutoSuggestiveDropdown -->
