<?xml version="1.0" encoding="UTF-8"?>
<!-- Generated by org.testng.reporters.JUnitReportReporter -->
<testsuite hostname="DESKTOP-9OOOF17" failures="0" tests="1" name="Testing.validateLoginPage" time="18.533" errors="0" timestamp="2022-08-08T20:17:06 IST" skipped="0">
  <testcase classname="Testing.validateLoginPage" name="loginpage" time="18.533"/>
  <system-out/>
</testsuite> <!-- Testing.validateLoginPage -->
