<?xml version="1.0" encoding="UTF-8"?>
<!-- Generated by org.testng.reporters.JUnitReportReporter -->
<testsuite hostname="DESKTOP-9OOOF17" failures="0" tests="4" name="Testing.validateLoginwithInvaliddata" time="51.348" errors="0" timestamp="2022-07-29T17:25:47 IST" skipped="0">
  <testcase classname="Testing.validateLoginwithInvaliddata" name="loginwithInvalidData" time="15.245"/>
  <system-out/>
  <testcase classname="Testing.validateLoginwithInvaliddata" name="loginwithInvalidData" time="8.925"/>
  <system-out/>
  <testcase classname="Testing.validateLoginwithInvaliddata" name="loginwithInvalidData" time="10.886"/>
  <system-out/>
  <testcase classname="Testing.validateLoginwithInvaliddata" name="loginwithInvalidData" time="16.292"/>
  <system-out/>
</testsuite> <!-- Testing.validateLoginwithInvaliddata -->
