<?xml version="1.0" encoding="UTF-8"?>
<!-- Generated by org.testng.reporters.JUnitReportReporter -->
<testsuite hostname="DESKTOP-9OOOF17" failures="0" tests="4" name="Testing.validatehomepage" time="15.412" errors="0" timestamp="2022-10-18T19:35:32 IST" skipped="0">
  <testcase classname="Testing.validatehomepage" name="validatetabtitle" time="0.274"/>
  <system-out/>
  <testcase classname="Testing.validatehomepage" name="validatecart" time="0.787"/>
  <system-out/>
  <testcase classname="Testing.validatehomepage" name="validatefilter" time="1.880"/>
  <system-out/>
  <testcase classname="Testing.validatehomepage" name="addtocart" time="12.471"/>
  <system-out/>
</testsuite> <!-- Testing.validatehomepage -->
