<?xml version="1.0" encoding="UTF-8"?>
<!-- Generated by org.testng.reporters.JUnitReportReporter -->
<testsuite hostname="DESKTOP-9OOOF17" failures="0" tests="1" name="Test.Wiki_Test" time="10.142" errors="0" timestamp="2022-08-22T17:57:41 IST" skipped="0">
  <testcase classname="Test.Wiki_Test" name="wikitest" time="10.142"/>
  <system-out/>
</testsuite> <!-- Test.Wiki_Test -->
