<?xml version="1.0" encoding="UTF-8"?>
<!-- Generated by org.testng.reporters.JUnitReportReporter -->
<testsuite hostname="DESKTOP-9OOOF17" failures="0" tests="1" name="Test.IMDB_Test" time="32.452" errors="0" timestamp="2022-08-22T17:21:15 IST" skipped="0">
  <testcase classname="Test.IMDB_Test" name="Imdbtest" time="32.452"/>
  <system-out/>
</testsuite> <!-- Test.IMDB_Test -->
