<?xml version="1.0" encoding="UTF-8"?>
<!-- Generated by org.testng.reporters.JUnitReportReporter -->
<testsuite hostname="DESKTOP-9OOOF17" failures="0" tests="1" name="test.test" time="27.238" errors="0" timestamp="2022-08-22T12:35:11 IST" skipped="0">
  <testcase classname="test.test" name="mehtodnaem" time="27.238"/>
  <system-out/>
</testsuite> <!-- test.test -->
