<?xml version="1.0" encoding="UTF-8"?>
<!-- Generated by org.testng.reporters.JUnitReportReporter -->
<testsuite hostname="DESKTOP-9OOOF17" failures="0" tests="1" name="AssignmentTesting.SeleniumEasydropdown" time="17.661" errors="0" timestamp="2022-07-19T13:11:33 IST" skipped="0">
  <testcase classname="AssignmentTesting.SeleniumEasydropdown" name="dropdown" time="17.661"/>
  <system-out/>
</testsuite> <!-- AssignmentTesting.SeleniumEasydropdown -->
