<?xml version="1.0" encoding="UTF-8"?>
<!-- Generated by org.testng.reporters.JUnitReportReporter -->
<testsuite hostname="DESKTOP-9OOOF17" failures="0" tests="1" name="AssignmentTesting.SeleniumEasy" time="12.449" errors="0" timestamp="2022-07-19T13:07:10 IST" skipped="0">
  <testcase classname="AssignmentTesting.SeleniumEasy" name="seleniumeasy" time="12.449"/>
  <system-out/>
</testsuite> <!-- AssignmentTesting.SeleniumEasy -->
