<?xml version="1.0" encoding="UTF-8"?>
<!-- Generated by org.testng.reporters.JUnitReportReporter -->
<testsuite hostname="DESKTOP-9OOOF17" failures="0" tests="1" name="AssignmentTesting.google" time="13.605" errors="0" timestamp="2022-07-19T13:07:10 IST" skipped="0">
  <testcase classname="AssignmentTesting.google" name="google" time="13.605"/>
  <system-out/>
</testsuite> <!-- AssignmentTesting.google -->
