<?xml version="1.0" encoding="UTF-8"?>
<!-- Generated by org.testng.reporters.JUnitReportReporter -->
<testsuite hostname="DESKTOP-9OOOF17" failures="0" tests="1" name="TestCases.Loginapplication" time="20.596" errors="0" timestamp="2022-06-17T12:44:27 IST" skipped="0">
  <testcase classname="TestCases.Loginapplication" name="Login" time="20.596"/>
  <system-out/>
</testsuite> <!-- TestCases.Loginapplication -->
