<?xml version="1.0" encoding="UTF-8"?>
<!-- Generated by org.testng.reporters.JUnitReportReporter -->
<testsuite hostname="DESKTOP-9OOOF17" failures="0" tests="3" name="Test.day2" time="0.012" errors="0" timestamp="2022-07-11T11:07:48 IST" skipped="0">
  <testcase classname="Test.day2" name="M1" time="0.008"/>
  <system-out/>
  <testcase classname="Test.day2" name="M2" time="0.002"/>
  <system-out/>
  <testcase classname="Test.day2" name="M3" time="0.002"/>
  <system-out/>
</testsuite> <!-- Test.day2 -->
