<?xml version="1.0" encoding="UTF-8"?>
<!-- Generated by org.testng.reporters.JUnitReportReporter -->
<testsuite hostname="DESKTOP-9OOOF17" failures="0" tests="2" name="Test.day1" time="0.010" errors="0" timestamp="2022-06-15T12:46:36 IST" skipped="0">
  <testcase classname="Test.day1" name="test1" time="0.008"/>
  <system-out/>
  <testcase classname="Test.day1" name="test3" time="0.002"/>
  <system-out/>
</testsuite> <!-- Test.day1 -->
