<?xml version="1.0" encoding="UTF-8"?>
<!-- Generated by org.testng.reporters.JUnitReportReporter -->
<testsuite hostname="DESKTOP-9OOOF17" failures="0" tests="1" name="Dependancies.AMSHomepage" time="36.566" errors="0" timestamp="2022-11-09T19:08:25 IST" skipped="0">
  <testcase classname="Dependancies.AMSHomepage" name="validateHomePage" time="36.566"/>
  <system-out/>
</testsuite> <!-- Dependancies.AMSHomepage -->
