<?xml version="1.0" encoding="UTF-8"?>
<!-- Generated by org.testng.reporters.JUnitReportReporter -->
<testsuite hostname="DESKTOP-9OOOF17" failures="0" tests="1" name="Dependancies.AssignmentTest" time="129.759" errors="0" timestamp="2022-11-07T10:26:04 IST" skipped="0">
  <testcase classname="Dependancies.AssignmentTest" name="assignment" time="129.759"/>
  <system-out/>
</testsuite> <!-- Dependancies.AssignmentTest -->
